Command line invocation:
    /Applications/Xcode.app/Contents/Developer/usr/bin/xcodebuild -project DODO2.xcodeproj -scheme DODO2 -configuration Debug -destination platform=macOS -derivedDataPath .build clean build

ComputePackagePrebuildTargetDependencyGraph

CreateBuildRequest

SendProjectDescription

CreateBuildOperation

** CLEAN SUCCEEDED **

ComputePackagePrebuildTargetDependencyGraph

Prepare packages

CreateBuildRequest

SendProjectDescription

CreateBuildOperation

ComputeTargetDependencyGraph
note: Building targets in dependency order
note: Target dependency graph (1 target)
    Target 'DODO2' in project 'DODO2' (no dependencies)

GatherProvisioningInputs

CreateBuildDescription

ExecuteExternalTool /Applications/Xcode.app/Contents/Developer/Toolchains/XcodeDefault.xctoolchain/usr/bin/clang -v -E -dM -isysroot /Applications/Xcode.app/Contents/Developer/Platforms/MacOSX.platform/Developer/SDKs/MacOSX15.5.sdk -x c -c /dev/null

ExecuteExternalTool /Applications/Xcode.app/Contents/Developer/Toolchains/XcodeDefault.xctoolchain/usr/bin/swiftc --version

ExecuteExternalTool /Applications/Xcode.app/Contents/Developer/Toolchains/XcodeDefault.xctoolchain/usr/bin/ld -version_details

Build description signature: b4ba07f0560bb22eb52fb711fb4e14ea
Build description path: /Users/hayashitakumi/Projects/DODO2/.build/Build/Intermediates.noindex/XCBuildData/b4ba07f0560bb22eb52fb711fb4e14ea.xcbuilddata
ClangStatCache /Applications/Xcode.app/Contents/Developer/Toolchains/XcodeDefault.xctoolchain/usr/bin/clang-stat-cache /Applications/Xcode.app/Contents/Developer/Platforms/MacOSX.platform/Developer/SDKs/MacOSX15.5.sdk /Users/hayashitakumi/Projects/DODO2/.build/SDKStatCaches.noindex/macosx15.5-24F74-8254517eb8b97d462ccbc072ba9094c9.sdkstatcache
    cd /Users/hayashitakumi/Projects/DODO2/DODO2.xcodeproj
    /Applications/Xcode.app/Contents/Developer/Toolchains/XcodeDefault.xctoolchain/usr/bin/clang-stat-cache /Applications/Xcode.app/Contents/Developer/Platforms/MacOSX.platform/Developer/SDKs/MacOSX15.5.sdk -o /Users/hayashitakumi/Projects/DODO2/.build/SDKStatCaches.noindex/macosx15.5-24F74-8254517eb8b97d462ccbc072ba9094c9.sdkstatcache

CreateBuildDirectory /Users/hayashitakumi/Projects/DODO2/.build/Build/Products
    cd /Users/hayashitakumi/Projects/DODO2/DODO2.xcodeproj
    builtin-create-build-directory /Users/hayashitakumi/Projects/DODO2/.build/Build/Products

CreateBuildDirectory /Users/hayashitakumi/Projects/DODO2/.build/Build/Intermediates.noindex
    cd /Users/hayashitakumi/Projects/DODO2/DODO2.xcodeproj
    builtin-create-build-directory /Users/hayashitakumi/Projects/DODO2/.build/Build/Intermediates.noindex

WriteAuxiliaryFile /Users/hayashitakumi/Projects/DODO2/.build/Build/Intermediates.noindex/DODO2.build/Debug/DODO2-fecc956442944f41a5d7ccf3ca2ffc62-VFS/all-product-headers.yaml
    cd /Users/hayashitakumi/Projects/DODO2/DODO2.xcodeproj
    write-file /Users/hayashitakumi/Projects/DODO2/.build/Build/Intermediates.noindex/DODO2.build/Debug/DODO2-fecc956442944f41a5d7ccf3ca2ffc62-VFS/all-product-headers.yaml

CreateBuildDirectory /Users/hayashitakumi/Projects/DODO2/.build/Build/Intermediates.noindex/EagerLinkingTBDs/Debug
    cd /Users/hayashitakumi/Projects/DODO2/DODO2.xcodeproj
    builtin-create-build-directory /Users/hayashitakumi/Projects/DODO2/.build/Build/Intermediates.noindex/EagerLinkingTBDs/Debug

CreateBuildDirectory /Users/hayashitakumi/Projects/DODO2/.build/Build/Products/Debug
    cd /Users/hayashitakumi/Projects/DODO2/DODO2.xcodeproj
    builtin-create-build-directory /Users/hayashitakumi/Projects/DODO2/.build/Build/Products/Debug

WriteAuxiliaryFile /Users/hayashitakumi/Projects/DODO2/.build/Build/Intermediates.noindex/DODO2.build/Debug/DODO2.build/empty-DODO2.plist (in target 'DODO2' from project 'DODO2')
    cd /Users/hayashitakumi/Projects/DODO2
    write-file /Users/hayashitakumi/Projects/DODO2/.build/Build/Intermediates.noindex/DODO2.build/Debug/DODO2.build/empty-DODO2.plist

WriteAuxiliaryFile /Users/hayashitakumi/Projects/DODO2/.build/Build/Intermediates.noindex/DODO2.build/Debug/DODO2.build/Objects-normal/arm64/DODO2_const_extract_protocols.json (in target 'DODO2' from project 'DODO2')
    cd /Users/hayashitakumi/Projects/DODO2
    write-file /Users/hayashitakumi/Projects/DODO2/.build/Build/Intermediates.noindex/DODO2.build/Debug/DODO2.build/Objects-normal/arm64/DODO2_const_extract_protocols.json

WriteAuxiliaryFile /Users/hayashitakumi/Projects/DODO2/.build/Build/Intermediates.noindex/DODO2.build/Debug/DODO2.build/Objects-normal/arm64/DODO2.SwiftFileList (in target 'DODO2' from project 'DODO2')
    cd /Users/hayashitakumi/Projects/DODO2
    write-file /Users/hayashitakumi/Projects/DODO2/.build/Build/Intermediates.noindex/DODO2.build/Debug/DODO2.build/Objects-normal/arm64/DODO2.SwiftFileList

WriteAuxiliaryFile /Users/hayashitakumi/Projects/DODO2/.build/Build/Intermediates.noindex/DODO2.build/Debug/DODO2.build/Objects-normal/arm64/DODO2.LinkFileList (in target 'DODO2' from project 'DODO2')
    cd /Users/hayashitakumi/Projects/DODO2
    write-file /Users/hayashitakumi/Projects/DODO2/.build/Build/Intermediates.noindex/DODO2.build/Debug/DODO2.build/Objects-normal/arm64/DODO2.LinkFileList

WriteAuxiliaryFile /Users/hayashitakumi/Projects/DODO2/.build/Build/Intermediates.noindex/DODO2.build/Debug/DODO2.build/Objects-normal/arm64/DODO2.SwiftConstValuesFileList (in target 'DODO2' from project 'DODO2')
    cd /Users/hayashitakumi/Projects/DODO2
    write-file /Users/hayashitakumi/Projects/DODO2/.build/Build/Intermediates.noindex/DODO2.build/Debug/DODO2.build/Objects-normal/arm64/DODO2.SwiftConstValuesFileList

WriteAuxiliaryFile /Users/hayashitakumi/Projects/DODO2/.build/Build/Intermediates.noindex/DODO2.build/Debug/DODO2.build/Objects-normal/arm64/DODO2-OutputFileMap.json (in target 'DODO2' from project 'DODO2')
    cd /Users/hayashitakumi/Projects/DODO2
    write-file /Users/hayashitakumi/Projects/DODO2/.build/Build/Intermediates.noindex/DODO2.build/Debug/DODO2.build/Objects-normal/arm64/DODO2-OutputFileMap.json

WriteAuxiliaryFile /Users/hayashitakumi/Projects/DODO2/.build/Build/Intermediates.noindex/DODO2.build/Debug/DODO2.build/DODO2.hmap (in target 'DODO2' from project 'DODO2')
    cd /Users/hayashitakumi/Projects/DODO2
    write-file /Users/hayashitakumi/Projects/DODO2/.build/Build/Intermediates.noindex/DODO2.build/Debug/DODO2.build/DODO2.hmap

WriteAuxiliaryFile /Users/hayashitakumi/Projects/DODO2/.build/Build/Intermediates.noindex/DODO2.build/Debug/DODO2.build/DODO2.DependencyStaticMetadataFileList (in target 'DODO2' from project 'DODO2')
    cd /Users/hayashitakumi/Projects/DODO2
    write-file /Users/hayashitakumi/Projects/DODO2/.build/Build/Intermediates.noindex/DODO2.build/Debug/DODO2.build/DODO2.DependencyStaticMetadataFileList

WriteAuxiliaryFile /Users/hayashitakumi/Projects/DODO2/.build/Build/Intermediates.noindex/DODO2.build/Debug/DODO2.build/DODO2.DependencyMetadataFileList (in target 'DODO2' from project 'DODO2')
    cd /Users/hayashitakumi/Projects/DODO2
    write-file /Users/hayashitakumi/Projects/DODO2/.build/Build/Intermediates.noindex/DODO2.build/Debug/DODO2.build/DODO2.DependencyMetadataFileList

WriteAuxiliaryFile /Users/hayashitakumi/Projects/DODO2/.build/Build/Intermediates.noindex/DODO2.build/Debug/DODO2.build/DODO2-project-headers.hmap (in target 'DODO2' from project 'DODO2')
    cd /Users/hayashitakumi/Projects/DODO2
    write-file /Users/hayashitakumi/Projects/DODO2/.build/Build/Intermediates.noindex/DODO2.build/Debug/DODO2.build/DODO2-project-headers.hmap

WriteAuxiliaryFile /Users/hayashitakumi/Projects/DODO2/.build/Build/Intermediates.noindex/DODO2.build/Debug/DODO2.build/DODO2-own-target-headers.hmap (in target 'DODO2' from project 'DODO2')
    cd /Users/hayashitakumi/Projects/DODO2
    write-file /Users/hayashitakumi/Projects/DODO2/.build/Build/Intermediates.noindex/DODO2.build/Debug/DODO2.build/DODO2-own-target-headers.hmap

WriteAuxiliaryFile /Users/hayashitakumi/Projects/DODO2/.build/Build/Intermediates.noindex/DODO2.build/Debug/DODO2.build/DODO2-generated-files.hmap (in target 'DODO2' from project 'DODO2')
    cd /Users/hayashitakumi/Projects/DODO2
    write-file /Users/hayashitakumi/Projects/DODO2/.build/Build/Intermediates.noindex/DODO2.build/Debug/DODO2.build/DODO2-generated-files.hmap

WriteAuxiliaryFile /Users/hayashitakumi/Projects/DODO2/.build/Build/Intermediates.noindex/DODO2.build/Debug/DODO2.build/DODO2-all-target-headers.hmap (in target 'DODO2' from project 'DODO2')
    cd /Users/hayashitakumi/Projects/DODO2
    write-file /Users/hayashitakumi/Projects/DODO2/.build/Build/Intermediates.noindex/DODO2.build/Debug/DODO2.build/DODO2-all-target-headers.hmap

WriteAuxiliaryFile /Users/hayashitakumi/Projects/DODO2/.build/Build/Intermediates.noindex/DODO2.build/Debug/DODO2.build/DODO2-all-non-framework-target-headers.hmap (in target 'DODO2' from project 'DODO2')
    cd /Users/hayashitakumi/Projects/DODO2
    write-file /Users/hayashitakumi/Projects/DODO2/.build/Build/Intermediates.noindex/DODO2.build/Debug/DODO2.build/DODO2-all-non-framework-target-headers.hmap

MkDir /Users/hayashitakumi/Projects/DODO2/.build/Build/Products/Debug/DODO2.app/Contents (in target 'DODO2' from project 'DODO2')
    cd /Users/hayashitakumi/Projects/DODO2
    /bin/mkdir -p /Users/hayashitakumi/Projects/DODO2/.build/Build/Products/Debug/DODO2.app/Contents

MkDir /Users/hayashitakumi/Projects/DODO2/.build/Build/Products/Debug/DODO2.app (in target 'DODO2' from project 'DODO2')
    cd /Users/hayashitakumi/Projects/DODO2
    /bin/mkdir -p /Users/hayashitakumi/Projects/DODO2/.build/Build/Products/Debug/DODO2.app

MkDir /Users/hayashitakumi/Projects/DODO2/.build/Build/Products/Debug/DODO2.app/Contents/MacOS (in target 'DODO2' from project 'DODO2')
    cd /Users/hayashitakumi/Projects/DODO2
    /bin/mkdir -p /Users/hayashitakumi/Projects/DODO2/.build/Build/Products/Debug/DODO2.app/Contents/MacOS

ProcessInfoPlistFile /Users/hayashitakumi/Projects/DODO2/.build/Build/Products/Debug/DODO2.app/Contents/Info.plist /Users/hayashitakumi/Projects/DODO2/.build/Build/Intermediates.noindex/DODO2.build/Debug/DODO2.build/empty-DODO2.plist (in target 'DODO2' from project 'DODO2')
    cd /Users/hayashitakumi/Projects/DODO2
    builtin-infoPlistUtility /Users/hayashitakumi/Projects/DODO2/.build/Build/Intermediates.noindex/DODO2.build/Debug/DODO2.build/empty-DODO2.plist -producttype com.apple.product-type.application -genpkginfo /Users/hayashitakumi/Projects/DODO2/.build/Build/Products/Debug/DODO2.app/Contents/PkgInfo -expandbuildsettings -platform macosx -o /Users/hayashitakumi/Projects/DODO2/.build/Build/Products/Debug/DODO2.app/Contents/Info.plist

SwiftDriver DODO2 normal arm64 com.apple.xcode.tools.swift.compiler (in target 'DODO2' from project 'DODO2')
    cd /Users/hayashitakumi/Projects/DODO2
    builtin-SwiftDriver -- /Applications/Xcode.app/Contents/Developer/Toolchains/XcodeDefault.xctoolchain/usr/bin/swiftc -module-name DODO2 -O -enforce-exclusivity\=checked @/Users/hayashitakumi/Projects/DODO2/.build/Build/Intermediates.noindex/DODO2.build/Debug/DODO2.build/Objects-normal/arm64/DODO2.SwiftFileList -enable-bare-slash-regex -enable-experimental-feature DebugDescriptionMacro -sdk /Applications/Xcode.app/Contents/Developer/Platforms/MacOSX.platform/Developer/SDKs/MacOSX15.5.sdk -target arm64-apple-macos12.0 -g -module-cache-path /Users/hayashitakumi/Projects/DODO2/.build/ModuleCache.noindex -Xfrontend -serialize-debugging-options -swift-version 5 -I /Users/hayashitakumi/Projects/DODO2/.build/Build/Products/Debug -F /Users/hayashitakumi/Projects/DODO2/.build/Build/Products/Debug -emit-localized-strings -emit-localized-strings-path /Users/hayashitakumi/Projects/DODO2/.build/Build/Intermediates.noindex/DODO2.build/Debug/DODO2.build/Objects-normal/arm64 -c -j8 -enable-batch-mode -incremental -Xcc -ivfsstatcache -Xcc /Users/hayashitakumi/Projects/DODO2/.build/SDKStatCaches.noindex/macosx15.5-24F74-8254517eb8b97d462ccbc072ba9094c9.sdkstatcache -output-file-map /Users/hayashitakumi/Projects/DODO2/.build/Build/Intermediates.noindex/DODO2.build/Debug/DODO2.build/Objects-normal/arm64/DODO2-OutputFileMap.json -use-frontend-parseable-output -save-temps -no-color-diagnostics -serialize-diagnostics -emit-dependencies -emit-module -emit-module-path /Users/hayashitakumi/Projects/DODO2/.build/Build/Intermediates.noindex/DODO2.build/Debug/DODO2.build/Objects-normal/arm64/DODO2.swiftmodule -validate-clang-modules-once -clang-build-session-file /Users/hayashitakumi/Projects/DODO2/.build/ModuleCache.noindex/Session.modulevalidation -Xcc -I/Users/hayashitakumi/Projects/DODO2/.build/Build/Intermediates.noindex/DODO2.build/Debug/DODO2.build/swift-overrides.hmap -emit-const-values -Xfrontend -const-gather-protocols-file -Xfrontend /Users/hayashitakumi/Projects/DODO2/.build/Build/Intermediates.noindex/DODO2.build/Debug/DODO2.build/Objects-normal/arm64/DODO2_const_extract_protocols.json -Xcc -iquote -Xcc /Users/hayashitakumi/Projects/DODO2/.build/Build/Intermediates.noindex/DODO2.build/Debug/DODO2.build/DODO2-generated-files.hmap -Xcc -I/Users/hayashitakumi/Projects/DODO2/.build/Build/Intermediates.noindex/DODO2.build/Debug/DODO2.build/DODO2-own-target-headers.hmap -Xcc -I/Users/hayashitakumi/Projects/DODO2/.build/Build/Intermediates.noindex/DODO2.build/Debug/DODO2.build/DODO2-all-target-headers.hmap -Xcc -iquote -Xcc /Users/hayashitakumi/Projects/DODO2/.build/Build/Intermediates.noindex/DODO2.build/Debug/DODO2.build/DODO2-project-headers.hmap -Xcc -I/Users/hayashitakumi/Projects/DODO2/.build/Build/Products/Debug/include -Xcc -I/Users/hayashitakumi/Projects/DODO2/.build/Build/Intermediates.noindex/DODO2.build/Debug/DODO2.build/DerivedSources-normal/arm64 -Xcc -I/Users/hayashitakumi/Projects/DODO2/.build/Build/Intermediates.noindex/DODO2.build/Debug/DODO2.build/DerivedSources/arm64 -Xcc -I/Users/hayashitakumi/Projects/DODO2/.build/Build/Intermediates.noindex/DODO2.build/Debug/DODO2.build/DerivedSources -emit-objc-header -emit-objc-header-path /Users/hayashitakumi/Projects/DODO2/.build/Build/Intermediates.noindex/DODO2.build/Debug/DODO2.build/Objects-normal/arm64/DODO2-Swift.h -working-directory /Users/hayashitakumi/Projects/DODO2 -experimental-emit-module-separately -disable-cmo

SwiftEmitModule normal arm64 Emitting\ module\ for\ DODO2 (in target 'DODO2' from project 'DODO2')

EmitSwiftModule normal arm64 (in target 'DODO2' from project 'DODO2')
    cd /Users/hayashitakumi/Projects/DODO2
    

SwiftCompile normal arm64 Compiling\ PanelWindowController.swift,\ HotKeyManager.swift /Users/hayashitakumi/Projects/DODO2/Sources/DODO2/PanelWindowController.swift /Users/hayashitakumi/Projects/DODO2/Sources/DODO2/HotKeyManager.swift (in target 'DODO2' from project 'DODO2')
SwiftCompile normal arm64 /Users/hayashitakumi/Projects/DODO2/Sources/DODO2/PanelWindowController.swift (in target 'DODO2' from project 'DODO2')
    cd /Users/hayashitakumi/Projects/DODO2
    
/Users/hayashitakumi/Projects/DODO2/Sources/DODO2/PanelWindowController.swift:134:13: warning: initialization of immutable value 'finalFrame' was never used; consider replacing with assignment to '_' or removing it
        let finalFrame = panel.frame
        ~~~~^~~~~~~~~~
        _
/Users/hayashitakumi/Projects/DODO2/Sources/DODO2/PanelWindowController.swift:203:23: warning: value 'self' was defined but never used; consider replacing with boolean test
            guard let self = self else { return event }
                  ~~~~^~~~~~~
                                  != nil

SwiftCompile normal arm64 /Users/hayashitakumi/Projects/DODO2/Sources/DODO2/HotKeyManager.swift (in target 'DODO2' from project 'DODO2')
    cd /Users/hayashitakumi/Projects/DODO2
    

SwiftCompile normal arm64 Compiling\ DODO2App.swift,\ AppDelegate.swift /Users/hayashitakumi/Projects/DODO2/Sources/DODO2/DODO2App.swift /Users/hayashitakumi/Projects/DODO2/Sources/DODO2/AppDelegate.swift (in target 'DODO2' from project 'DODO2')

SwiftCompile normal arm64 /Users/hayashitakumi/Projects/DODO2/Sources/DODO2/DODO2App.swift (in target 'DODO2' from project 'DODO2')
    cd /Users/hayashitakumi/Projects/DODO2
    

SwiftCompile normal arm64 /Users/hayashitakumi/Projects/DODO2/Sources/DODO2/AppDelegate.swift (in target 'DODO2' from project 'DODO2')
    cd /Users/hayashitakumi/Projects/DODO2
    

SwiftCompile normal arm64 Compiling\ SettingsModel.swift,\ PreferencesView.swift /Users/hayashitakumi/Projects/DODO2/Sources/DODO2/Models/SettingsModel.swift /Users/hayashitakumi/Projects/DODO2/Sources/DODO2/Settings/PreferencesView.swift (in target 'DODO2' from project 'DODO2')

SwiftCompile normal arm64 /Users/hayashitakumi/Projects/DODO2/Sources/DODO2/Models/SettingsModel.swift (in target 'DODO2' from project 'DODO2')
    cd /Users/hayashitakumi/Projects/DODO2
    

SwiftCompile normal arm64 /Users/hayashitakumi/Projects/DODO2/Sources/DODO2/Settings/PreferencesView.swift (in target 'DODO2' from project 'DODO2')
    cd /Users/hayashitakumi/Projects/DODO2
    

SwiftCompile normal arm64 Compiling\ Label.swift,\ DragDrop.swift /Users/hayashitakumi/Projects/DODO2/Sources/DODO2/Models/Label.swift /Users/hayashitakumi/Projects/DODO2/Sources/DODO2/Services/DragDrop.swift (in target 'DODO2' from project 'DODO2')

SwiftCompile normal arm64 /Users/hayashitakumi/Projects/DODO2/Sources/DODO2/Models/Label.swift (in target 'DODO2' from project 'DODO2')
    cd /Users/hayashitakumi/Projects/DODO2
    

SwiftCompile normal arm64 /Users/hayashitakumi/Projects/DODO2/Sources/DODO2/Services/DragDrop.swift (in target 'DODO2' from project 'DODO2')
    cd /Users/hayashitakumi/Projects/DODO2
    

SwiftCompile normal arm64 Compiling\ Task.swift,\ BottomSheetRoot.swift /Users/hayashitakumi/Projects/DODO2/Sources/DODO2/Models/Task.swift /Users/hayashitakumi/Projects/DODO2/Sources/DODO2/UI/BottomSheet/BottomSheetRoot.swift (in target 'DODO2' from project 'DODO2')
SwiftCompile normal arm64 /Users/hayashitakumi/Projects/DODO2/Sources/DODO2/Models/Task.swift (in target 'DODO2' from project 'DODO2')
    cd /Users/hayashitakumi/Projects/DODO2
    

SwiftCompile normal arm64 /Users/hayashitakumi/Projects/DODO2/Sources/DODO2/UI/BottomSheet/BottomSheetRoot.swift (in target 'DODO2' from project 'DODO2')
    cd /Users/hayashitakumi/Projects/DODO2
    

SwiftCompile normal arm64 Compiling\ ShortcutCaptureView.swift /Users/hayashitakumi/Projects/DODO2/Sources/DODO2/Settings/ShortcutCaptureView.swift (in target 'DODO2' from project 'DODO2')

SwiftCompile normal arm64 /Users/hayashitakumi/Projects/DODO2/Sources/DODO2/Settings/ShortcutCaptureView.swift (in target 'DODO2' from project 'DODO2')
    cd /Users/hayashitakumi/Projects/DODO2
    

SwiftCompile normal arm64 Compiling\ HeaderBar.swift,\ TaskCardView.swift /Users/hayashitakumi/Projects/DODO2/Sources/DODO2/UI/BottomSheet/HeaderBar.swift /Users/hayashitakumi/Projects/DODO2/Sources/DODO2/UI/BottomSheet/TaskCardView.swift (in target 'DODO2' from project 'DODO2')
SwiftCompile normal arm64 /Users/hayashitakumi/Projects/DODO2/Sources/DODO2/UI/BottomSheet/HeaderBar.swift (in target 'DODO2' from project 'DODO2')
    cd /Users/hayashitakumi/Projects/DODO2
    

SwiftCompile normal arm64 /Users/hayashitakumi/Projects/DODO2/Sources/DODO2/UI/BottomSheet/TaskCardView.swift (in target 'DODO2' from project 'DODO2')
    cd /Users/hayashitakumi/Projects/DODO2
    

SwiftCompile normal arm64 Compiling\ BrandTokens.swift,\ Persistence.swift /Users/hayashitakumi/Projects/DODO2/Sources/DODO2/UI/Theme/BrandTokens.swift /Users/hayashitakumi/Projects/DODO2/Sources/DODO2/Services/Persistence.swift (in target 'DODO2' from project 'DODO2')

SwiftCompile normal arm64 /Users/hayashitakumi/Projects/DODO2/Sources/DODO2/UI/Theme/BrandTokens.swift (in target 'DODO2' from project 'DODO2')
    cd /Users/hayashitakumi/Projects/DODO2
    

SwiftCompile normal arm64 /Users/hayashitakumi/Projects/DODO2/Sources/DODO2/Services/Persistence.swift (in target 'DODO2' from project 'DODO2')
    cd /Users/hayashitakumi/Projects/DODO2
    

SwiftDriverJobDiscovery normal arm64 Emitting module for DODO2 (in target 'DODO2' from project 'DODO2')

SwiftDriver\ Compilation\ Requirements DODO2 normal arm64 com.apple.xcode.tools.swift.compiler (in target 'DODO2' from project 'DODO2')
    cd /Users/hayashitakumi/Projects/DODO2
    builtin-Swift-Compilation-Requirements -- /Applications/Xcode.app/Contents/Developer/Toolchains/XcodeDefault.xctoolchain/usr/bin/swiftc -module-name DODO2 -O -enforce-exclusivity\=checked @/Users/hayashitakumi/Projects/DODO2/.build/Build/Intermediates.noindex/DODO2.build/Debug/DODO2.build/Objects-normal/arm64/DODO2.SwiftFileList -enable-bare-slash-regex -enable-experimental-feature DebugDescriptionMacro -sdk /Applications/Xcode.app/Contents/Developer/Platforms/MacOSX.platform/Developer/SDKs/MacOSX15.5.sdk -target arm64-apple-macos12.0 -g -module-cache-path /Users/hayashitakumi/Projects/DODO2/.build/ModuleCache.noindex -Xfrontend -serialize-debugging-options -swift-version 5 -I /Users/hayashitakumi/Projects/DODO2/.build/Build/Products/Debug -F /Users/hayashitakumi/Projects/DODO2/.build/Build/Products/Debug -emit-localized-strings -emit-localized-strings-path /Users/hayashitakumi/Projects/DODO2/.build/Build/Intermediates.noindex/DODO2.build/Debug/DODO2.build/Objects-normal/arm64 -c -j8 -enable-batch-mode -incremental -Xcc -ivfsstatcache -Xcc /Users/hayashitakumi/Projects/DODO2/.build/SDKStatCaches.noindex/macosx15.5-24F74-8254517eb8b97d462ccbc072ba9094c9.sdkstatcache -output-file-map /Users/hayashitakumi/Projects/DODO2/.build/Build/Intermediates.noindex/DODO2.build/Debug/DODO2.build/Objects-normal/arm64/DODO2-OutputFileMap.json -use-frontend-parseable-output -save-temps -no-color-diagnostics -serialize-diagnostics -emit-dependencies -emit-module -emit-module-path /Users/hayashitakumi/Projects/DODO2/.build/Build/Intermediates.noindex/DODO2.build/Debug/DODO2.build/Objects-normal/arm64/DODO2.swiftmodule -validate-clang-modules-once -clang-build-session-file /Users/hayashitakumi/Projects/DODO2/.build/ModuleCache.noindex/Session.modulevalidation -Xcc -I/Users/hayashitakumi/Projects/DODO2/.build/Build/Intermediates.noindex/DODO2.build/Debug/DODO2.build/swift-overrides.hmap -emit-const-values -Xfrontend -const-gather-protocols-file -Xfrontend /Users/hayashitakumi/Projects/DODO2/.build/Build/Intermediates.noindex/DODO2.build/Debug/DODO2.build/Objects-normal/arm64/DODO2_const_extract_protocols.json -Xcc -iquote -Xcc /Users/hayashitakumi/Projects/DODO2/.build/Build/Intermediates.noindex/DODO2.build/Debug/DODO2.build/DODO2-generated-files.hmap -Xcc -I/Users/hayashitakumi/Projects/DODO2/.build/Build/Intermediates.noindex/DODO2.build/Debug/DODO2.build/DODO2-own-target-headers.hmap -Xcc -I/Users/hayashitakumi/Projects/DODO2/.build/Build/Intermediates.noindex/DODO2.build/Debug/DODO2.build/DODO2-all-target-headers.hmap -Xcc -iquote -Xcc /Users/hayashitakumi/Projects/DODO2/.build/Build/Intermediates.noindex/DODO2.build/Debug/DODO2.build/DODO2-project-headers.hmap -Xcc -I/Users/hayashitakumi/Projects/DODO2/.build/Build/Products/Debug/include -Xcc -I/Users/hayashitakumi/Projects/DODO2/.build/Build/Intermediates.noindex/DODO2.build/Debug/DODO2.build/DerivedSources-normal/arm64 -Xcc -I/Users/hayashitakumi/Projects/DODO2/.build/Build/Intermediates.noindex/DODO2.build/Debug/DODO2.build/DerivedSources/arm64 -Xcc -I/Users/hayashitakumi/Projects/DODO2/.build/Build/Intermediates.noindex/DODO2.build/Debug/DODO2.build/DerivedSources -emit-objc-header -emit-objc-header-path /Users/hayashitakumi/Projects/DODO2/.build/Build/Intermediates.noindex/DODO2.build/Debug/DODO2.build/Objects-normal/arm64/DODO2-Swift.h -working-directory /Users/hayashitakumi/Projects/DODO2 -experimental-emit-module-separately -disable-cmo

SwiftDriverJobDiscovery normal arm64 Compiling Label.swift, DragDrop.swift (in target 'DODO2' from project 'DODO2')

SwiftMergeGeneratedHeaders /Users/hayashitakumi/Projects/DODO2/.build/Build/Intermediates.noindex/DODO2.build/Debug/DODO2.build/DerivedSources/DODO2-Swift.h /Users/hayashitakumi/Projects/DODO2/.build/Build/Intermediates.noindex/DODO2.build/Debug/DODO2.build/Objects-normal/arm64/DODO2-Swift.h (in target 'DODO2' from project 'DODO2')
    cd /Users/hayashitakumi/Projects/DODO2
    builtin-swiftHeaderTool -arch arm64 /Users/hayashitakumi/Projects/DODO2/.build/Build/Intermediates.noindex/DODO2.build/Debug/DODO2.build/Objects-normal/arm64/DODO2-Swift.h -o /Users/hayashitakumi/Projects/DODO2/.build/Build/Intermediates.noindex/DODO2.build/Debug/DODO2.build/DerivedSources/DODO2-Swift.h

Copy /Users/hayashitakumi/Projects/DODO2/.build/Build/Products/Debug/DODO2.swiftmodule/arm64-apple-macos.swiftmodule /Users/hayashitakumi/Projects/DODO2/.build/Build/Intermediates.noindex/DODO2.build/Debug/DODO2.build/Objects-normal/arm64/DODO2.swiftmodule (in target 'DODO2' from project 'DODO2')
    cd /Users/hayashitakumi/Projects/DODO2
    builtin-copy -exclude .DS_Store -exclude CVS -exclude .svn -exclude .git -exclude .hg -strip-unsigned-binaries -strip-deterministic -strip-tool /Applications/Xcode.app/Contents/Developer/Toolchains/XcodeDefault.xctoolchain/usr/bin/strip -resolve-src-symlinks -rename /Users/hayashitakumi/Projects/DODO2/.build/Build/Intermediates.noindex/DODO2.build/Debug/DODO2.build/Objects-normal/arm64/DODO2.swiftmodule /Users/hayashitakumi/Projects/DODO2/.build/Build/Products/Debug/DODO2.swiftmodule/arm64-apple-macos.swiftmodule

Copy /Users/hayashitakumi/Projects/DODO2/.build/Build/Products/Debug/DODO2.swiftmodule/arm64-apple-macos.swiftdoc /Users/hayashitakumi/Projects/DODO2/.build/Build/Intermediates.noindex/DODO2.build/Debug/DODO2.build/Objects-normal/arm64/DODO2.swiftdoc (in target 'DODO2' from project 'DODO2')
    cd /Users/hayashitakumi/Projects/DODO2
    builtin-copy -exclude .DS_Store -exclude CVS -exclude .svn -exclude .git -exclude .hg -strip-unsigned-binaries -strip-deterministic -strip-tool /Applications/Xcode.app/Contents/Developer/Toolchains/XcodeDefault.xctoolchain/usr/bin/strip -resolve-src-symlinks -rename /Users/hayashitakumi/Projects/DODO2/.build/Build/Intermediates.noindex/DODO2.build/Debug/DODO2.build/Objects-normal/arm64/DODO2.swiftdoc /Users/hayashitakumi/Projects/DODO2/.build/Build/Products/Debug/DODO2.swiftmodule/arm64-apple-macos.swiftdoc

Copy /Users/hayashitakumi/Projects/DODO2/.build/Build/Products/Debug/DODO2.swiftmodule/arm64-apple-macos.abi.json /Users/hayashitakumi/Projects/DODO2/.build/Build/Intermediates.noindex/DODO2.build/Debug/DODO2.build/Objects-normal/arm64/DODO2.abi.json (in target 'DODO2' from project 'DODO2')
    cd /Users/hayashitakumi/Projects/DODO2
    builtin-copy -exclude .DS_Store -exclude CVS -exclude .svn -exclude .git -exclude .hg -strip-unsigned-binaries -strip-deterministic -strip-tool /Applications/Xcode.app/Contents/Developer/Toolchains/XcodeDefault.xctoolchain/usr/bin/strip -resolve-src-symlinks -rename /Users/hayashitakumi/Projects/DODO2/.build/Build/Intermediates.noindex/DODO2.build/Debug/DODO2.build/Objects-normal/arm64/DODO2.abi.json /Users/hayashitakumi/Projects/DODO2/.build/Build/Products/Debug/DODO2.swiftmodule/arm64-apple-macos.abi.json

Copy /Users/hayashitakumi/Projects/DODO2/.build/Build/Products/Debug/DODO2.swiftmodule/Project/arm64-apple-macos.swiftsourceinfo /Users/hayashitakumi/Projects/DODO2/.build/Build/Intermediates.noindex/DODO2.build/Debug/DODO2.build/Objects-normal/arm64/DODO2.swiftsourceinfo (in target 'DODO2' from project 'DODO2')
    cd /Users/hayashitakumi/Projects/DODO2
    builtin-copy -exclude .DS_Store -exclude CVS -exclude .svn -exclude .git -exclude .hg -strip-unsigned-binaries -strip-deterministic -strip-tool /Applications/Xcode.app/Contents/Developer/Toolchains/XcodeDefault.xctoolchain/usr/bin/strip -resolve-src-symlinks -rename /Users/hayashitakumi/Projects/DODO2/.build/Build/Intermediates.noindex/DODO2.build/Debug/DODO2.build/Objects-normal/arm64/DODO2.swiftsourceinfo /Users/hayashitakumi/Projects/DODO2/.build/Build/Products/Debug/DODO2.swiftmodule/Project/arm64-apple-macos.swiftsourceinfo

SwiftDriverJobDiscovery normal arm64 Compiling ShortcutCaptureView.swift (in target 'DODO2' from project 'DODO2')

SwiftDriverJobDiscovery normal arm64 Compiling DODO2App.swift, AppDelegate.swift (in target 'DODO2' from project 'DODO2')

SwiftDriverJobDiscovery normal arm64 Compiling SettingsModel.swift, PreferencesView.swift (in target 'DODO2' from project 'DODO2')

SwiftDriverJobDiscovery normal arm64 Compiling BrandTokens.swift, Persistence.swift (in target 'DODO2' from project 'DODO2')

SwiftDriverJobDiscovery normal arm64 Compiling PanelWindowController.swift, HotKeyManager.swift (in target 'DODO2' from project 'DODO2')

SwiftDriverJobDiscovery normal arm64 Compiling Task.swift, BottomSheetRoot.swift (in target 'DODO2' from project 'DODO2')

SwiftDriverJobDiscovery normal arm64 Compiling HeaderBar.swift, TaskCardView.swift (in target 'DODO2' from project 'DODO2')

SwiftDriver\ Compilation DODO2 normal arm64 com.apple.xcode.tools.swift.compiler (in target 'DODO2' from project 'DODO2')
    cd /Users/hayashitakumi/Projects/DODO2
    builtin-Swift-Compilation -- /Applications/Xcode.app/Contents/Developer/Toolchains/XcodeDefault.xctoolchain/usr/bin/swiftc -module-name DODO2 -O -enforce-exclusivity\=checked @/Users/hayashitakumi/Projects/DODO2/.build/Build/Intermediates.noindex/DODO2.build/Debug/DODO2.build/Objects-normal/arm64/DODO2.SwiftFileList -enable-bare-slash-regex -enable-experimental-feature DebugDescriptionMacro -sdk /Applications/Xcode.app/Contents/Developer/Platforms/MacOSX.platform/Developer/SDKs/MacOSX15.5.sdk -target arm64-apple-macos12.0 -g -module-cache-path /Users/hayashitakumi/Projects/DODO2/.build/ModuleCache.noindex -Xfrontend -serialize-debugging-options -swift-version 5 -I /Users/hayashitakumi/Projects/DODO2/.build/Build/Products/Debug -F /Users/hayashitakumi/Projects/DODO2/.build/Build/Products/Debug -emit-localized-strings -emit-localized-strings-path /Users/hayashitakumi/Projects/DODO2/.build/Build/Intermediates.noindex/DODO2.build/Debug/DODO2.build/Objects-normal/arm64 -c -j8 -enable-batch-mode -incremental -Xcc -ivfsstatcache -Xcc /Users/hayashitakumi/Projects/DODO2/.build/SDKStatCaches.noindex/macosx15.5-24F74-8254517eb8b97d462ccbc072ba9094c9.sdkstatcache -output-file-map /Users/hayashitakumi/Projects/DODO2/.build/Build/Intermediates.noindex/DODO2.build/Debug/DODO2.build/Objects-normal/arm64/DODO2-OutputFileMap.json -use-frontend-parseable-output -save-temps -no-color-diagnostics -serialize-diagnostics -emit-dependencies -emit-module -emit-module-path /Users/hayashitakumi/Projects/DODO2/.build/Build/Intermediates.noindex/DODO2.build/Debug/DODO2.build/Objects-normal/arm64/DODO2.swiftmodule -validate-clang-modules-once -clang-build-session-file /Users/hayashitakumi/Projects/DODO2/.build/ModuleCache.noindex/Session.modulevalidation -Xcc -I/Users/hayashitakumi/Projects/DODO2/.build/Build/Intermediates.noindex/DODO2.build/Debug/DODO2.build/swift-overrides.hmap -emit-const-values -Xfrontend -const-gather-protocols-file -Xfrontend /Users/hayashitakumi/Projects/DODO2/.build/Build/Intermediates.noindex/DODO2.build/Debug/DODO2.build/Objects-normal/arm64/DODO2_const_extract_protocols.json -Xcc -iquote -Xcc /Users/hayashitakumi/Projects/DODO2/.build/Build/Intermediates.noindex/DODO2.build/Debug/DODO2.build/DODO2-generated-files.hmap -Xcc -I/Users/hayashitakumi/Projects/DODO2/.build/Build/Intermediates.noindex/DODO2.build/Debug/DODO2.build/DODO2-own-target-headers.hmap -Xcc -I/Users/hayashitakumi/Projects/DODO2/.build/Build/Intermediates.noindex/DODO2.build/Debug/DODO2.build/DODO2-all-target-headers.hmap -Xcc -iquote -Xcc /Users/hayashitakumi/Projects/DODO2/.build/Build/Intermediates.noindex/DODO2.build/Debug/DODO2.build/DODO2-project-headers.hmap -Xcc -I/Users/hayashitakumi/Projects/DODO2/.build/Build/Products/Debug/include -Xcc -I/Users/hayashitakumi/Projects/DODO2/.build/Build/Intermediates.noindex/DODO2.build/Debug/DODO2.build/DerivedSources-normal/arm64 -Xcc -I/Users/hayashitakumi/Projects/DODO2/.build/Build/Intermediates.noindex/DODO2.build/Debug/DODO2.build/DerivedSources/arm64 -Xcc -I/Users/hayashitakumi/Projects/DODO2/.build/Build/Intermediates.noindex/DODO2.build/Debug/DODO2.build/DerivedSources -emit-objc-header -emit-objc-header-path /Users/hayashitakumi/Projects/DODO2/.build/Build/Intermediates.noindex/DODO2.build/Debug/DODO2.build/Objects-normal/arm64/DODO2-Swift.h -working-directory /Users/hayashitakumi/Projects/DODO2 -experimental-emit-module-separately -disable-cmo

Ld /Users/hayashitakumi/Projects/DODO2/.build/Build/Products/Debug/DODO2.app/Contents/MacOS/DODO2 normal (in target 'DODO2' from project 'DODO2')
    cd /Users/hayashitakumi/Projects/DODO2
    /Applications/Xcode.app/Contents/Developer/Toolchains/XcodeDefault.xctoolchain/usr/bin/clang -Xlinker -reproducible -target arm64-apple-macos12.0 -isysroot /Applications/Xcode.app/Contents/Developer/Platforms/MacOSX.platform/Developer/SDKs/MacOSX15.5.sdk -Os -L/Users/hayashitakumi/Projects/DODO2/.build/Build/Intermediates.noindex/EagerLinkingTBDs/Debug -L/Users/hayashitakumi/Projects/DODO2/.build/Build/Products/Debug -F/Users/hayashitakumi/Projects/DODO2/.build/Build/Intermediates.noindex/EagerLinkingTBDs/Debug -F/Users/hayashitakumi/Projects/DODO2/.build/Build/Products/Debug -filelist /Users/hayashitakumi/Projects/DODO2/.build/Build/Intermediates.noindex/DODO2.build/Debug/DODO2.build/Objects-normal/arm64/DODO2.LinkFileList -Xlinker -rpath -Xlinker @executable_path/../Frameworks -Xlinker -object_path_lto -Xlinker /Users/hayashitakumi/Projects/DODO2/.build/Build/Intermediates.noindex/DODO2.build/Debug/DODO2.build/Objects-normal/arm64/DODO2_lto.o -Xlinker -dependency_info -Xlinker /Users/hayashitakumi/Projects/DODO2/.build/Build/Intermediates.noindex/DODO2.build/Debug/DODO2.build/Objects-normal/arm64/DODO2_dependency_info.dat -fobjc-link-runtime -L/Applications/Xcode.app/Contents/Developer/Toolchains/XcodeDefault.xctoolchain/usr/lib/swift/macosx -L/usr/lib/swift -Xlinker -add_ast_path -Xlinker /Users/hayashitakumi/Projects/DODO2/.build/Build/Intermediates.noindex/DODO2.build/Debug/DODO2.build/Objects-normal/arm64/DODO2.swiftmodule -framework Carbon -o /Users/hayashitakumi/Projects/DODO2/.build/Build/Products/Debug/DODO2.app/Contents/MacOS/DODO2

CopySwiftLibs /Users/hayashitakumi/Projects/DODO2/.build/Build/Products/Debug/DODO2.app (in target 'DODO2' from project 'DODO2')
    cd /Users/hayashitakumi/Projects/DODO2
    builtin-swiftStdLibTool --copy --verbose --scan-executable /Users/hayashitakumi/Projects/DODO2/.build/Build/Products/Debug/DODO2.app/Contents/MacOS/DODO2 --scan-folder /Users/hayashitakumi/Projects/DODO2/.build/Build/Products/Debug/DODO2.app/Contents/Frameworks --scan-folder /Users/hayashitakumi/Projects/DODO2/.build/Build/Products/Debug/DODO2.app/Contents/PlugIns --scan-folder /Users/hayashitakumi/Projects/DODO2/.build/Build/Products/Debug/DODO2.app/Contents/Library/SystemExtensions --scan-folder /Users/hayashitakumi/Projects/DODO2/.build/Build/Products/Debug/DODO2.app/Contents/Extensions --platform macosx --toolchain /Applications/Xcode.app/Contents/Developer/Toolchains/XcodeDefault.xctoolchain --destination /Users/hayashitakumi/Projects/DODO2/.build/Build/Products/Debug/DODO2.app/Contents/Frameworks --strip-bitcode --strip-bitcode-tool /Applications/Xcode.app/Contents/Developer/Toolchains/XcodeDefault.xctoolchain/usr/bin/bitcode_strip --emit-dependency-info /Users/hayashitakumi/Projects/DODO2/.build/Build/Intermediates.noindex/DODO2.build/Debug/DODO2.build/SwiftStdLibToolInputDependencies.dep --filter-for-swift-os
Ignoring --strip-bitcode because --sign was not passed

ExtractAppIntentsMetadata (in target 'DODO2' from project 'DODO2')
    cd /Users/hayashitakumi/Projects/DODO2
    /Applications/Xcode.app/Contents/Developer/Toolchains/XcodeDefault.xctoolchain/usr/bin/appintentsmetadataprocessor --toolchain-dir /Applications/Xcode.app/Contents/Developer/Toolchains/XcodeDefault.xctoolchain --module-name DODO2 --sdk-root /Applications/Xcode.app/Contents/Developer/Platforms/MacOSX.platform/Developer/SDKs/MacOSX15.5.sdk --xcode-version 16F6 --platform-family macOS --deployment-target 12.0 --bundle-identifier com.example.DODO2 --output /Users/hayashitakumi/Projects/DODO2/.build/Build/Products/Debug/DODO2.app/Contents/Resources --target-triple arm64-apple-macos12.0 --binary-file /Users/hayashitakumi/Projects/DODO2/.build/Build/Products/Debug/DODO2.app/Contents/MacOS/DODO2 --dependency-file /Users/hayashitakumi/Projects/DODO2/.build/Build/Intermediates.noindex/DODO2.build/Debug/DODO2.build/Objects-normal/arm64/DODO2_dependency_info.dat --stringsdata-file /Users/hayashitakumi/Projects/DODO2/.build/Build/Intermediates.noindex/DODO2.build/Debug/DODO2.build/Objects-normal/arm64/ExtractedAppShortcutsMetadata.stringsdata --source-file-list /Users/hayashitakumi/Projects/DODO2/.build/Build/Intermediates.noindex/DODO2.build/Debug/DODO2.build/Objects-normal/arm64/DODO2.SwiftFileList --metadata-file-list /Users/hayashitakumi/Projects/DODO2/.build/Build/Intermediates.noindex/DODO2.build/Debug/DODO2.build/DODO2.DependencyMetadataFileList --static-metadata-file-list /Users/hayashitakumi/Projects/DODO2/.build/Build/Intermediates.noindex/DODO2.build/Debug/DODO2.build/DODO2.DependencyStaticMetadataFileList --swift-const-vals-list /Users/hayashitakumi/Projects/DODO2/.build/Build/Intermediates.noindex/DODO2.build/Debug/DODO2.build/Objects-normal/arm64/DODO2.SwiftConstValuesFileList --compile-time-extraction --deployment-aware-processing --validate-assistant-intents --no-app-shortcuts-localization
2025-09-04 15:44:47.343 appintentsmetadataprocessor[96124:4494509] Starting appintentsmetadataprocessor export
2025-09-04 15:44:47.346 appintentsmetadataprocessor[96124:4494509] warning: Metadata extraction skipped. No AppIntents.framework dependency found.

RegisterExecutionPolicyException /Users/hayashitakumi/Projects/DODO2/.build/Build/Products/Debug/DODO2.app (in target 'DODO2' from project 'DODO2')
    cd /Users/hayashitakumi/Projects/DODO2
    builtin-RegisterExecutionPolicyException /Users/hayashitakumi/Projects/DODO2/.build/Build/Products/Debug/DODO2.app

Validate /Users/hayashitakumi/Projects/DODO2/.build/Build/Products/Debug/DODO2.app (in target 'DODO2' from project 'DODO2')
    cd /Users/hayashitakumi/Projects/DODO2
    builtin-validationUtility /Users/hayashitakumi/Projects/DODO2/.build/Build/Products/Debug/DODO2.app -no-validate-extension -infoplist-subpath Contents/Info.plist

Touch /Users/hayashitakumi/Projects/DODO2/.build/Build/Products/Debug/DODO2.app (in target 'DODO2' from project 'DODO2')
    cd /Users/hayashitakumi/Projects/DODO2
    /usr/bin/touch -c /Users/hayashitakumi/Projects/DODO2/.build/Build/Products/Debug/DODO2.app

RegisterWithLaunchServices /Users/hayashitakumi/Projects/DODO2/.build/Build/Products/Debug/DODO2.app (in target 'DODO2' from project 'DODO2')
    cd /Users/hayashitakumi/Projects/DODO2
    /System/Library/Frameworks/CoreServices.framework/Versions/Current/Frameworks/LaunchServices.framework/Versions/Current/Support/lsregister -f -R -trusted /Users/hayashitakumi/Projects/DODO2/.build/Build/Products/Debug/DODO2.app

note: Disabling previews because SWIFT_VERSION is set and SWIFT_OPTIMIZATION_LEVEL=-O, expected -Onone (in target 'DODO2' from project 'DODO2')
warning: Traditional headermap style is no longer supported; please migrate to using separate headermaps and set 'ALWAYS_SEARCH_USER_PATHS' to NO. (in target 'DODO2' from project 'DODO2')
** BUILD SUCCEEDED **

