Command line invocation:
    /Applications/Xcode.app/Contents/Developer/usr/bin/xcodebuild -project DODO2.xcodeproj -scheme DODO2 -configuration Debug -destination platform=macOS -derivedDataPath .build clean build

ComputePackagePrebuildTargetDependencyGraph

CreateBuildRequest

SendProjectDescription

CreateBuildOperation

** CLEAN SUCCEEDED **

ComputePackagePrebuildTargetDependencyGraph

Prepare packages

CreateBuildRequest

SendProjectDescription

CreateBuildOperation

ComputeTargetDependencyGraph
note: Building targets in dependency order
note: Target dependency graph (1 target)
    Target 'DODO2' in project 'DODO2' (no dependencies)

GatherProvisioningInputs

CreateBuildDescription

ExecuteExternalTool /Applications/Xcode.app/Contents/Developer/Toolchains/XcodeDefault.xctoolchain/usr/bin/swiftc --version

ExecuteExternalTool /Applications/Xcode.app/Contents/Developer/Toolchains/XcodeDefault.xctoolchain/usr/bin/clang -v -E -dM -isysroot /Applications/Xcode.app/Contents/Developer/Platforms/MacOSX.platform/Developer/SDKs/MacOSX15.5.sdk -x c -c /dev/null

ExecuteExternalTool /Applications/Xcode.app/Contents/Developer/Toolchains/XcodeDefault.xctoolchain/usr/bin/ld -version_details

Build description signature: 77a123161e9abc2869e199fbcddbd06d
Build description path: /Users/hayashitakumi/Projects/DODO2/.build/Build/Intermediates.noindex/XCBuildData/77a123161e9abc2869e199fbcddbd06d.xcbuilddata
CreateBuildDirectory /Users/hayashitakumi/Projects/DODO2/.build/Build/Products
    cd /Users/hayashitakumi/Projects/DODO2/DODO2.xcodeproj
    builtin-create-build-directory /Users/hayashitakumi/Projects/DODO2/.build/Build/Products

CreateBuildDirectory /Users/hayashitakumi/Projects/DODO2/.build/Build/Intermediates.noindex
    cd /Users/hayashitakumi/Projects/DODO2/DODO2.xcodeproj
    builtin-create-build-directory /Users/hayashitakumi/Projects/DODO2/.build/Build/Intermediates.noindex

ClangStatCache /Applications/Xcode.app/Contents/Developer/Toolchains/XcodeDefault.xctoolchain/usr/bin/clang-stat-cache /Applications/Xcode.app/Contents/Developer/Platforms/MacOSX.platform/Developer/SDKs/MacOSX15.5.sdk /Users/hayashitakumi/Projects/DODO2/.build/SDKStatCaches.noindex/macosx15.5-24F74-8254517eb8b97d462ccbc072ba9094c9.sdkstatcache
    cd /Users/hayashitakumi/Projects/DODO2/DODO2.xcodeproj
    /Applications/Xcode.app/Contents/Developer/Toolchains/XcodeDefault.xctoolchain/usr/bin/clang-stat-cache /Applications/Xcode.app/Contents/Developer/Platforms/MacOSX.platform/Developer/SDKs/MacOSX15.5.sdk -o /Users/hayashitakumi/Projects/DODO2/.build/SDKStatCaches.noindex/macosx15.5-24F74-8254517eb8b97d462ccbc072ba9094c9.sdkstatcache

CreateBuildDirectory /Users/hayashitakumi/Projects/DODO2/.build/Build/Intermediates.noindex/EagerLinkingTBDs/Debug
    cd /Users/hayashitakumi/Projects/DODO2/DODO2.xcodeproj
    builtin-create-build-directory /Users/hayashitakumi/Projects/DODO2/.build/Build/Intermediates.noindex/EagerLinkingTBDs/Debug

CreateBuildDirectory /Users/hayashitakumi/Projects/DODO2/.build/Build/Products/Debug
    cd /Users/hayashitakumi/Projects/DODO2/DODO2.xcodeproj
    builtin-create-build-directory /Users/hayashitakumi/Projects/DODO2/.build/Build/Products/Debug

WriteAuxiliaryFile /Users/hayashitakumi/Projects/DODO2/.build/Build/Intermediates.noindex/DODO2.build/Debug/DODO2-fecc956442944f41a5d7ccf3ca2ffc62-VFS/all-product-headers.yaml
    cd /Users/hayashitakumi/Projects/DODO2/DODO2.xcodeproj
    write-file /Users/hayashitakumi/Projects/DODO2/.build/Build/Intermediates.noindex/DODO2.build/Debug/DODO2-fecc956442944f41a5d7ccf3ca2ffc62-VFS/all-product-headers.yaml

WriteAuxiliaryFile /Users/hayashitakumi/Projects/DODO2/.build/Build/Intermediates.noindex/DODO2.build/Debug/DODO2.build/empty-DODO2.plist (in target 'DODO2' from project 'DODO2')
    cd /Users/hayashitakumi/Projects/DODO2
    write-file /Users/hayashitakumi/Projects/DODO2/.build/Build/Intermediates.noindex/DODO2.build/Debug/DODO2.build/empty-DODO2.plist

WriteAuxiliaryFile /Users/hayashitakumi/Projects/DODO2/.build/Build/Intermediates.noindex/DODO2.build/Debug/DODO2.build/Objects-normal/arm64/DODO2_const_extract_protocols.json (in target 'DODO2' from project 'DODO2')
    cd /Users/hayashitakumi/Projects/DODO2
    write-file /Users/hayashitakumi/Projects/DODO2/.build/Build/Intermediates.noindex/DODO2.build/Debug/DODO2.build/Objects-normal/arm64/DODO2_const_extract_protocols.json

WriteAuxiliaryFile /Users/hayashitakumi/Projects/DODO2/.build/Build/Intermediates.noindex/DODO2.build/Debug/DODO2.build/Objects-normal/arm64/DODO2.LinkFileList (in target 'DODO2' from project 'DODO2')
    cd /Users/hayashitakumi/Projects/DODO2
    write-file /Users/hayashitakumi/Projects/DODO2/.build/Build/Intermediates.noindex/DODO2.build/Debug/DODO2.build/Objects-normal/arm64/DODO2.LinkFileList

WriteAuxiliaryFile /Users/hayashitakumi/Projects/DODO2/.build/Build/Intermediates.noindex/DODO2.build/Debug/DODO2.build/Objects-normal/arm64/DODO2-OutputFileMap.json (in target 'DODO2' from project 'DODO2')
    cd /Users/hayashitakumi/Projects/DODO2
    write-file /Users/hayashitakumi/Projects/DODO2/.build/Build/Intermediates.noindex/DODO2.build/Debug/DODO2.build/Objects-normal/arm64/DODO2-OutputFileMap.json

WriteAuxiliaryFile /Users/hayashitakumi/Projects/DODO2/.build/Build/Intermediates.noindex/DODO2.build/Debug/DODO2.build/DODO2.hmap (in target 'DODO2' from project 'DODO2')
    cd /Users/hayashitakumi/Projects/DODO2
    write-file /Users/hayashitakumi/Projects/DODO2/.build/Build/Intermediates.noindex/DODO2.build/Debug/DODO2.build/DODO2.hmap

WriteAuxiliaryFile /Users/hayashitakumi/Projects/DODO2/.build/Build/Intermediates.noindex/DODO2.build/Debug/DODO2.build/DODO2-project-headers.hmap (in target 'DODO2' from project 'DODO2')
    cd /Users/hayashitakumi/Projects/DODO2
    write-file /Users/hayashitakumi/Projects/DODO2/.build/Build/Intermediates.noindex/DODO2.build/Debug/DODO2.build/DODO2-project-headers.hmap

WriteAuxiliaryFile /Users/hayashitakumi/Projects/DODO2/.build/Build/Intermediates.noindex/DODO2.build/Debug/DODO2.build/DerivedSources/Entitlements.plist (in target 'DODO2' from project 'DODO2')
    cd /Users/hayashitakumi/Projects/DODO2
    write-file /Users/hayashitakumi/Projects/DODO2/.build/Build/Intermediates.noindex/DODO2.build/Debug/DODO2.build/DerivedSources/Entitlements.plist

WriteAuxiliaryFile /Users/hayashitakumi/Projects/DODO2/.build/Build/Intermediates.noindex/DODO2.build/Debug/DODO2.build/Objects-normal/arm64/DODO2.SwiftFileList (in target 'DODO2' from project 'DODO2')
    cd /Users/hayashitakumi/Projects/DODO2
    write-file /Users/hayashitakumi/Projects/DODO2/.build/Build/Intermediates.noindex/DODO2.build/Debug/DODO2.build/Objects-normal/arm64/DODO2.SwiftFileList

WriteAuxiliaryFile /Users/hayashitakumi/Projects/DODO2/.build/Build/Intermediates.noindex/DODO2.build/Debug/DODO2.build/Objects-normal/arm64/DODO2.SwiftConstValuesFileList (in target 'DODO2' from project 'DODO2')
    cd /Users/hayashitakumi/Projects/DODO2
    write-file /Users/hayashitakumi/Projects/DODO2/.build/Build/Intermediates.noindex/DODO2.build/Debug/DODO2.build/Objects-normal/arm64/DODO2.SwiftConstValuesFileList

WriteAuxiliaryFile /Users/hayashitakumi/Projects/DODO2/.build/Build/Intermediates.noindex/DODO2.build/Debug/DODO2.build/DODO2.DependencyStaticMetadataFileList (in target 'DODO2' from project 'DODO2')
    cd /Users/hayashitakumi/Projects/DODO2
    write-file /Users/hayashitakumi/Projects/DODO2/.build/Build/Intermediates.noindex/DODO2.build/Debug/DODO2.build/DODO2.DependencyStaticMetadataFileList

WriteAuxiliaryFile /Users/hayashitakumi/Projects/DODO2/.build/Build/Intermediates.noindex/DODO2.build/Debug/DODO2.build/DODO2.DependencyMetadataFileList (in target 'DODO2' from project 'DODO2')
    cd /Users/hayashitakumi/Projects/DODO2
    write-file /Users/hayashitakumi/Projects/DODO2/.build/Build/Intermediates.noindex/DODO2.build/Debug/DODO2.build/DODO2.DependencyMetadataFileList

WriteAuxiliaryFile /Users/hayashitakumi/Projects/DODO2/.build/Build/Intermediates.noindex/DODO2.build/Debug/DODO2.build/DODO2-own-target-headers.hmap (in target 'DODO2' from project 'DODO2')
    cd /Users/hayashitakumi/Projects/DODO2
    write-file /Users/hayashitakumi/Projects/DODO2/.build/Build/Intermediates.noindex/DODO2.build/Debug/DODO2.build/DODO2-own-target-headers.hmap

WriteAuxiliaryFile /Users/hayashitakumi/Projects/DODO2/.build/Build/Intermediates.noindex/DODO2.build/Debug/DODO2.build/DODO2-generated-files.hmap (in target 'DODO2' from project 'DODO2')
    cd /Users/hayashitakumi/Projects/DODO2
    write-file /Users/hayashitakumi/Projects/DODO2/.build/Build/Intermediates.noindex/DODO2.build/Debug/DODO2.build/DODO2-generated-files.hmap

WriteAuxiliaryFile /Users/hayashitakumi/Projects/DODO2/.build/Build/Intermediates.noindex/DODO2.build/Debug/DODO2.build/DODO2-all-target-headers.hmap (in target 'DODO2' from project 'DODO2')
    cd /Users/hayashitakumi/Projects/DODO2
    write-file /Users/hayashitakumi/Projects/DODO2/.build/Build/Intermediates.noindex/DODO2.build/Debug/DODO2.build/DODO2-all-target-headers.hmap

WriteAuxiliaryFile /Users/hayashitakumi/Projects/DODO2/.build/Build/Intermediates.noindex/DODO2.build/Debug/DODO2.build/DODO2-all-non-framework-target-headers.hmap (in target 'DODO2' from project 'DODO2')
    cd /Users/hayashitakumi/Projects/DODO2
    write-file /Users/hayashitakumi/Projects/DODO2/.build/Build/Intermediates.noindex/DODO2.build/Debug/DODO2.build/DODO2-all-non-framework-target-headers.hmap

WriteAuxiliaryFile /Users/hayashitakumi/Projects/DODO2/.build/Build/Intermediates.noindex/DODO2.build/Debug/DODO2.build/DODO2-DebugDylibPath-normal-arm64.txt (in target 'DODO2' from project 'DODO2')
    cd /Users/hayashitakumi/Projects/DODO2
    write-file /Users/hayashitakumi/Projects/DODO2/.build/Build/Intermediates.noindex/DODO2.build/Debug/DODO2.build/DODO2-DebugDylibPath-normal-arm64.txt

WriteAuxiliaryFile /Users/hayashitakumi/Projects/DODO2/.build/Build/Intermediates.noindex/DODO2.build/Debug/DODO2.build/DODO2-DebugDylibInstallName-normal-arm64.txt (in target 'DODO2' from project 'DODO2')
    cd /Users/hayashitakumi/Projects/DODO2
    write-file /Users/hayashitakumi/Projects/DODO2/.build/Build/Intermediates.noindex/DODO2.build/Debug/DODO2.build/DODO2-DebugDylibInstallName-normal-arm64.txt

MkDir /Users/hayashitakumi/Projects/DODO2/.build/Build/Products/Debug/DODO2.app/Contents/MacOS (in target 'DODO2' from project 'DODO2')
    cd /Users/hayashitakumi/Projects/DODO2
    /bin/mkdir -p /Users/hayashitakumi/Projects/DODO2/.build/Build/Products/Debug/DODO2.app/Contents/MacOS

MkDir /Users/hayashitakumi/Projects/DODO2/.build/Build/Products/Debug/DODO2.app/Contents (in target 'DODO2' from project 'DODO2')
    cd /Users/hayashitakumi/Projects/DODO2
    /bin/mkdir -p /Users/hayashitakumi/Projects/DODO2/.build/Build/Products/Debug/DODO2.app/Contents

MkDir /Users/hayashitakumi/Projects/DODO2/.build/Build/Products/Debug/DODO2.app (in target 'DODO2' from project 'DODO2')
    cd /Users/hayashitakumi/Projects/DODO2
    /bin/mkdir -p /Users/hayashitakumi/Projects/DODO2/.build/Build/Products/Debug/DODO2.app

ProcessProductPackaging /Users/hayashitakumi/Projects/DODO2/Sources/DODO2/DODO2.entitlements /Users/hayashitakumi/Projects/DODO2/.build/Build/Intermediates.noindex/DODO2.build/Debug/DODO2.build/DODO2.app.xcent (in target 'DODO2' from project 'DODO2')
    cd /Users/hayashitakumi/Projects/DODO2
    
    Entitlements:
    
    {
    "com.apple.security.get-task-allow" = 1;
}
    
    builtin-productPackagingUtility /Users/hayashitakumi/Projects/DODO2/Sources/DODO2/DODO2.entitlements -entitlements -format xml -o /Users/hayashitakumi/Projects/DODO2/.build/Build/Intermediates.noindex/DODO2.build/Debug/DODO2.build/DODO2.app.xcent

ProcessProductPackagingDER /Users/hayashitakumi/Projects/DODO2/.build/Build/Intermediates.noindex/DODO2.build/Debug/DODO2.build/DODO2.app.xcent /Users/hayashitakumi/Projects/DODO2/.build/Build/Intermediates.noindex/DODO2.build/Debug/DODO2.build/DODO2.app.xcent.der (in target 'DODO2' from project 'DODO2')
    cd /Users/hayashitakumi/Projects/DODO2
    /usr/bin/derq query -f xml -i /Users/hayashitakumi/Projects/DODO2/.build/Build/Intermediates.noindex/DODO2.build/Debug/DODO2.build/DODO2.app.xcent -o /Users/hayashitakumi/Projects/DODO2/.build/Build/Intermediates.noindex/DODO2.build/Debug/DODO2.build/DODO2.app.xcent.der --raw

ProcessInfoPlistFile /Users/hayashitakumi/Projects/DODO2/.build/Build/Products/Debug/DODO2.app/Contents/Info.plist /Users/hayashitakumi/Projects/DODO2/.build/Build/Intermediates.noindex/DODO2.build/Debug/DODO2.build/empty-DODO2.plist (in target 'DODO2' from project 'DODO2')
    cd /Users/hayashitakumi/Projects/DODO2
    builtin-infoPlistUtility /Users/hayashitakumi/Projects/DODO2/.build/Build/Intermediates.noindex/DODO2.build/Debug/DODO2.build/empty-DODO2.plist -producttype com.apple.product-type.application -genpkginfo /Users/hayashitakumi/Projects/DODO2/.build/Build/Products/Debug/DODO2.app/Contents/PkgInfo -expandbuildsettings -platform macosx -o /Users/hayashitakumi/Projects/DODO2/.build/Build/Products/Debug/DODO2.app/Contents/Info.plist

Ld /Users/hayashitakumi/Projects/DODO2/.build/Build/Products/Debug/DODO2.app/Contents/MacOS/__preview.dylib normal (in target 'DODO2' from project 'DODO2')
    cd /Users/hayashitakumi/Projects/DODO2
    /Applications/Xcode.app/Contents/Developer/Toolchains/XcodeDefault.xctoolchain/usr/bin/clang -Xlinker -reproducible -target arm64-apple-macos14.0 -dynamiclib -isysroot /Applications/Xcode.app/Contents/Developer/Platforms/MacOSX.platform/Developer/SDKs/MacOSX15.5.sdk -O0 -L/Users/hayashitakumi/Projects/DODO2/.build/Build/Products/Debug -F/Users/hayashitakumi/Projects/DODO2/.build/Build/Products/Debug -install_name @rpath/DODO2.debug.dylib -rdynamic -Xlinker -no_deduplicate -Xlinker -debug_variant -Xlinker -dependency_info -Xlinker /Users/hayashitakumi/Projects/DODO2/.build/Build/Intermediates.noindex/DODO2.build/Debug/DODO2.build/Objects-normal/arm64/DODO2_dependency_info.dat -Xlinker -no_adhoc_codesign -o /Users/hayashitakumi/Projects/DODO2/.build/Build/Products/Debug/DODO2.app/Contents/MacOS/__preview.dylib

SwiftDriver DODO2 normal arm64 com.apple.xcode.tools.swift.compiler (in target 'DODO2' from project 'DODO2')
    cd /Users/hayashitakumi/Projects/DODO2
    builtin-SwiftDriver -- /Applications/Xcode.app/Contents/Developer/Toolchains/XcodeDefault.xctoolchain/usr/bin/swiftc -module-name DODO2 -Onone -enforce-exclusivity\=checked @/Users/hayashitakumi/Projects/DODO2/.build/Build/Intermediates.noindex/DODO2.build/Debug/DODO2.build/Objects-normal/arm64/DODO2.SwiftFileList -DDEBUG -enable-bare-slash-regex -enable-experimental-feature DebugDescriptionMacro -sdk /Applications/Xcode.app/Contents/Developer/Platforms/MacOSX.platform/Developer/SDKs/MacOSX15.5.sdk -target arm64-apple-macos14.0 -g -module-cache-path /Users/hayashitakumi/Projects/DODO2/.build/ModuleCache.noindex -Xfrontend -serialize-debugging-options -profile-coverage-mapping -profile-generate -enable-testing -index-store-path /Users/hayashitakumi/Projects/DODO2/.build/Index.noindex/DataStore -swift-version 5 -I /Users/hayashitakumi/Projects/DODO2/.build/Build/Products/Debug -F /Users/hayashitakumi/Projects/DODO2/.build/Build/Products/Debug -c -j8 -enable-batch-mode -incremental -Xcc -ivfsstatcache -Xcc /Users/hayashitakumi/Projects/DODO2/.build/SDKStatCaches.noindex/macosx15.5-24F74-8254517eb8b97d462ccbc072ba9094c9.sdkstatcache -output-file-map /Users/hayashitakumi/Projects/DODO2/.build/Build/Intermediates.noindex/DODO2.build/Debug/DODO2.build/Objects-normal/arm64/DODO2-OutputFileMap.json -use-frontend-parseable-output -save-temps -no-color-diagnostics -serialize-diagnostics -emit-dependencies -emit-module -emit-module-path /Users/hayashitakumi/Projects/DODO2/.build/Build/Intermediates.noindex/DODO2.build/Debug/DODO2.build/Objects-normal/arm64/DODO2.swiftmodule -validate-clang-modules-once -clang-build-session-file /Users/hayashitakumi/Projects/DODO2/.build/ModuleCache.noindex/Session.modulevalidation -Xcc -I/Users/hayashitakumi/Projects/DODO2/.build/Build/Intermediates.noindex/DODO2.build/Debug/DODO2.build/swift-overrides.hmap -emit-const-values -Xfrontend -const-gather-protocols-file -Xfrontend /Users/hayashitakumi/Projects/DODO2/.build/Build/Intermediates.noindex/DODO2.build/Debug/DODO2.build/Objects-normal/arm64/DODO2_const_extract_protocols.json -Xcc -iquote -Xcc /Users/hayashitakumi/Projects/DODO2/.build/Build/Intermediates.noindex/DODO2.build/Debug/DODO2.build/DODO2-generated-files.hmap -Xcc -I/Users/hayashitakumi/Projects/DODO2/.build/Build/Intermediates.noindex/DODO2.build/Debug/DODO2.build/DODO2-own-target-headers.hmap -Xcc -I/Users/hayashitakumi/Projects/DODO2/.build/Build/Intermediates.noindex/DODO2.build/Debug/DODO2.build/DODO2-all-target-headers.hmap -Xcc -iquote -Xcc /Users/hayashitakumi/Projects/DODO2/.build/Build/Intermediates.noindex/DODO2.build/Debug/DODO2.build/DODO2-project-headers.hmap -Xcc -I/Users/hayashitakumi/Projects/DODO2/.build/Build/Products/Debug/include -Xcc -I/Users/hayashitakumi/Projects/DODO2/.build/Build/Intermediates.noindex/DODO2.build/Debug/DODO2.build/DerivedSources-normal/arm64 -Xcc -I/Users/hayashitakumi/Projects/DODO2/.build/Build/Intermediates.noindex/DODO2.build/Debug/DODO2.build/DerivedSources/arm64 -Xcc -I/Users/hayashitakumi/Projects/DODO2/.build/Build/Intermediates.noindex/DODO2.build/Debug/DODO2.build/DerivedSources -Xcc -DDEBUG\=1 -emit-objc-header -emit-objc-header-path /Users/hayashitakumi/Projects/DODO2/.build/Build/Intermediates.noindex/DODO2.build/Debug/DODO2.build/Objects-normal/arm64/DODO2-Swift.h -working-directory /Users/hayashitakumi/Projects/DODO2 -experimental-emit-module-separately -disable-cmo

SwiftEmitModule normal arm64 Emitting\ module\ for\ DODO2 (in target 'DODO2' from project 'DODO2')

EmitSwiftModule normal arm64 (in target 'DODO2' from project 'DODO2')
    cd /Users/hayashitakumi/Projects/DODO2
    

SwiftCompile normal arm64 Compiling\ DODO2App.swift /Users/hayashitakumi/Projects/DODO2/Sources/DODO2/DODO2App.swift (in target 'DODO2' from project 'DODO2')
SwiftCompile normal arm64 /Users/hayashitakumi/Projects/DODO2/Sources/DODO2/DODO2App.swift (in target 'DODO2' from project 'DODO2')
    cd /Users/hayashitakumi/Projects/DODO2
    

SwiftCompile normal arm64 Compiling\ ContentView.swift /Users/hayashitakumi/Projects/DODO2/Sources/DODO2/ContentView.swift (in target 'DODO2' from project 'DODO2')
SwiftCompile normal arm64 /Users/hayashitakumi/Projects/DODO2/Sources/DODO2/ContentView.swift (in target 'DODO2' from project 'DODO2')
    cd /Users/hayashitakumi/Projects/DODO2
    

SwiftDriverJobDiscovery normal arm64 Emitting module for DODO2 (in target 'DODO2' from project 'DODO2')

SwiftDriver\ Compilation\ Requirements DODO2 normal arm64 com.apple.xcode.tools.swift.compiler (in target 'DODO2' from project 'DODO2')
    cd /Users/hayashitakumi/Projects/DODO2
    builtin-Swift-Compilation-Requirements -- /Applications/Xcode.app/Contents/Developer/Toolchains/XcodeDefault.xctoolchain/usr/bin/swiftc -module-name DODO2 -Onone -enforce-exclusivity\=checked @/Users/hayashitakumi/Projects/DODO2/.build/Build/Intermediates.noindex/DODO2.build/Debug/DODO2.build/Objects-normal/arm64/DODO2.SwiftFileList -DDEBUG -enable-bare-slash-regex -enable-experimental-feature DebugDescriptionMacro -sdk /Applications/Xcode.app/Contents/Developer/Platforms/MacOSX.platform/Developer/SDKs/MacOSX15.5.sdk -target arm64-apple-macos14.0 -g -module-cache-path /Users/hayashitakumi/Projects/DODO2/.build/ModuleCache.noindex -Xfrontend -serialize-debugging-options -profile-coverage-mapping -profile-generate -enable-testing -index-store-path /Users/hayashitakumi/Projects/DODO2/.build/Index.noindex/DataStore -swift-version 5 -I /Users/hayashitakumi/Projects/DODO2/.build/Build/Products/Debug -F /Users/hayashitakumi/Projects/DODO2/.build/Build/Products/Debug -c -j8 -enable-batch-mode -incremental -Xcc -ivfsstatcache -Xcc /Users/hayashitakumi/Projects/DODO2/.build/SDKStatCaches.noindex/macosx15.5-24F74-8254517eb8b97d462ccbc072ba9094c9.sdkstatcache -output-file-map /Users/hayashitakumi/Projects/DODO2/.build/Build/Intermediates.noindex/DODO2.build/Debug/DODO2.build/Objects-normal/arm64/DODO2-OutputFileMap.json -use-frontend-parseable-output -save-temps -no-color-diagnostics -serialize-diagnostics -emit-dependencies -emit-module -emit-module-path /Users/hayashitakumi/Projects/DODO2/.build/Build/Intermediates.noindex/DODO2.build/Debug/DODO2.build/Objects-normal/arm64/DODO2.swiftmodule -validate-clang-modules-once -clang-build-session-file /Users/hayashitakumi/Projects/DODO2/.build/ModuleCache.noindex/Session.modulevalidation -Xcc -I/Users/hayashitakumi/Projects/DODO2/.build/Build/Intermediates.noindex/DODO2.build/Debug/DODO2.build/swift-overrides.hmap -emit-const-values -Xfrontend -const-gather-protocols-file -Xfrontend /Users/hayashitakumi/Projects/DODO2/.build/Build/Intermediates.noindex/DODO2.build/Debug/DODO2.build/Objects-normal/arm64/DODO2_const_extract_protocols.json -Xcc -iquote -Xcc /Users/hayashitakumi/Projects/DODO2/.build/Build/Intermediates.noindex/DODO2.build/Debug/DODO2.build/DODO2-generated-files.hmap -Xcc -I/Users/hayashitakumi/Projects/DODO2/.build/Build/Intermediates.noindex/DODO2.build/Debug/DODO2.build/DODO2-own-target-headers.hmap -Xcc -I/Users/hayashitakumi/Projects/DODO2/.build/Build/Intermediates.noindex/DODO2.build/Debug/DODO2.build/DODO2-all-target-headers.hmap -Xcc -iquote -Xcc /Users/hayashitakumi/Projects/DODO2/.build/Build/Intermediates.noindex/DODO2.build/Debug/DODO2.build/DODO2-project-headers.hmap -Xcc -I/Users/hayashitakumi/Projects/DODO2/.build/Build/Products/Debug/include -Xcc -I/Users/hayashitakumi/Projects/DODO2/.build/Build/Intermediates.noindex/DODO2.build/Debug/DODO2.build/DerivedSources-normal/arm64 -Xcc -I/Users/hayashitakumi/Projects/DODO2/.build/Build/Intermediates.noindex/DODO2.build/Debug/DODO2.build/DerivedSources/arm64 -Xcc -I/Users/hayashitakumi/Projects/DODO2/.build/Build/Intermediates.noindex/DODO2.build/Debug/DODO2.build/DerivedSources -Xcc -DDEBUG\=1 -emit-objc-header -emit-objc-header-path /Users/hayashitakumi/Projects/DODO2/.build/Build/Intermediates.noindex/DODO2.build/Debug/DODO2.build/Objects-normal/arm64/DODO2-Swift.h -working-directory /Users/hayashitakumi/Projects/DODO2 -experimental-emit-module-separately -disable-cmo

SwiftMergeGeneratedHeaders /Users/hayashitakumi/Projects/DODO2/.build/Build/Intermediates.noindex/DODO2.build/Debug/DODO2.build/DerivedSources/DODO2-Swift.h /Users/hayashitakumi/Projects/DODO2/.build/Build/Intermediates.noindex/DODO2.build/Debug/DODO2.build/Objects-normal/arm64/DODO2-Swift.h (in target 'DODO2' from project 'DODO2')
    cd /Users/hayashitakumi/Projects/DODO2
    builtin-swiftHeaderTool -arch arm64 /Users/hayashitakumi/Projects/DODO2/.build/Build/Intermediates.noindex/DODO2.build/Debug/DODO2.build/Objects-normal/arm64/DODO2-Swift.h -o /Users/hayashitakumi/Projects/DODO2/.build/Build/Intermediates.noindex/DODO2.build/Debug/DODO2.build/DerivedSources/DODO2-Swift.h

Copy /Users/hayashitakumi/Projects/DODO2/.build/Build/Products/Debug/DODO2.swiftmodule/arm64-apple-macos.swiftmodule /Users/hayashitakumi/Projects/DODO2/.build/Build/Intermediates.noindex/DODO2.build/Debug/DODO2.build/Objects-normal/arm64/DODO2.swiftmodule (in target 'DODO2' from project 'DODO2')
    cd /Users/hayashitakumi/Projects/DODO2
    builtin-copy -exclude .DS_Store -exclude CVS -exclude .svn -exclude .git -exclude .hg -resolve-src-symlinks -rename /Users/hayashitakumi/Projects/DODO2/.build/Build/Intermediates.noindex/DODO2.build/Debug/DODO2.build/Objects-normal/arm64/DODO2.swiftmodule /Users/hayashitakumi/Projects/DODO2/.build/Build/Products/Debug/DODO2.swiftmodule/arm64-apple-macos.swiftmodule

Copy /Users/hayashitakumi/Projects/DODO2/.build/Build/Products/Debug/DODO2.swiftmodule/arm64-apple-macos.swiftdoc /Users/hayashitakumi/Projects/DODO2/.build/Build/Intermediates.noindex/DODO2.build/Debug/DODO2.build/Objects-normal/arm64/DODO2.swiftdoc (in target 'DODO2' from project 'DODO2')
    cd /Users/hayashitakumi/Projects/DODO2
    builtin-copy -exclude .DS_Store -exclude CVS -exclude .svn -exclude .git -exclude .hg -resolve-src-symlinks -rename /Users/hayashitakumi/Projects/DODO2/.build/Build/Intermediates.noindex/DODO2.build/Debug/DODO2.build/Objects-normal/arm64/DODO2.swiftdoc /Users/hayashitakumi/Projects/DODO2/.build/Build/Products/Debug/DODO2.swiftmodule/arm64-apple-macos.swiftdoc

Copy /Users/hayashitakumi/Projects/DODO2/.build/Build/Products/Debug/DODO2.swiftmodule/Project/arm64-apple-macos.swiftsourceinfo /Users/hayashitakumi/Projects/DODO2/.build/Build/Intermediates.noindex/DODO2.build/Debug/DODO2.build/Objects-normal/arm64/DODO2.swiftsourceinfo (in target 'DODO2' from project 'DODO2')
    cd /Users/hayashitakumi/Projects/DODO2
    builtin-copy -exclude .DS_Store -exclude CVS -exclude .svn -exclude .git -exclude .hg -resolve-src-symlinks -rename /Users/hayashitakumi/Projects/DODO2/.build/Build/Intermediates.noindex/DODO2.build/Debug/DODO2.build/Objects-normal/arm64/DODO2.swiftsourceinfo /Users/hayashitakumi/Projects/DODO2/.build/Build/Products/Debug/DODO2.swiftmodule/Project/arm64-apple-macos.swiftsourceinfo

Copy /Users/hayashitakumi/Projects/DODO2/.build/Build/Products/Debug/DODO2.swiftmodule/arm64-apple-macos.abi.json /Users/hayashitakumi/Projects/DODO2/.build/Build/Intermediates.noindex/DODO2.build/Debug/DODO2.build/Objects-normal/arm64/DODO2.abi.json (in target 'DODO2' from project 'DODO2')
    cd /Users/hayashitakumi/Projects/DODO2
    builtin-copy -exclude .DS_Store -exclude CVS -exclude .svn -exclude .git -exclude .hg -resolve-src-symlinks -rename /Users/hayashitakumi/Projects/DODO2/.build/Build/Intermediates.noindex/DODO2.build/Debug/DODO2.build/Objects-normal/arm64/DODO2.abi.json /Users/hayashitakumi/Projects/DODO2/.build/Build/Products/Debug/DODO2.swiftmodule/arm64-apple-macos.abi.json

SwiftDriverJobDiscovery normal arm64 Compiling DODO2App.swift (in target 'DODO2' from project 'DODO2')

SwiftDriverJobDiscovery normal arm64 Compiling ContentView.swift (in target 'DODO2' from project 'DODO2')

SwiftDriver\ Compilation DODO2 normal arm64 com.apple.xcode.tools.swift.compiler (in target 'DODO2' from project 'DODO2')
    cd /Users/hayashitakumi/Projects/DODO2
    builtin-Swift-Compilation -- /Applications/Xcode.app/Contents/Developer/Toolchains/XcodeDefault.xctoolchain/usr/bin/swiftc -module-name DODO2 -Onone -enforce-exclusivity\=checked @/Users/hayashitakumi/Projects/DODO2/.build/Build/Intermediates.noindex/DODO2.build/Debug/DODO2.build/Objects-normal/arm64/DODO2.SwiftFileList -DDEBUG -enable-bare-slash-regex -enable-experimental-feature DebugDescriptionMacro -sdk /Applications/Xcode.app/Contents/Developer/Platforms/MacOSX.platform/Developer/SDKs/MacOSX15.5.sdk -target arm64-apple-macos14.0 -g -module-cache-path /Users/hayashitakumi/Projects/DODO2/.build/ModuleCache.noindex -Xfrontend -serialize-debugging-options -profile-coverage-mapping -profile-generate -enable-testing -index-store-path /Users/hayashitakumi/Projects/DODO2/.build/Index.noindex/DataStore -swift-version 5 -I /Users/hayashitakumi/Projects/DODO2/.build/Build/Products/Debug -F /Users/hayashitakumi/Projects/DODO2/.build/Build/Products/Debug -c -j8 -enable-batch-mode -incremental -Xcc -ivfsstatcache -Xcc /Users/hayashitakumi/Projects/DODO2/.build/SDKStatCaches.noindex/macosx15.5-24F74-8254517eb8b97d462ccbc072ba9094c9.sdkstatcache -output-file-map /Users/hayashitakumi/Projects/DODO2/.build/Build/Intermediates.noindex/DODO2.build/Debug/DODO2.build/Objects-normal/arm64/DODO2-OutputFileMap.json -use-frontend-parseable-output -save-temps -no-color-diagnostics -serialize-diagnostics -emit-dependencies -emit-module -emit-module-path /Users/hayashitakumi/Projects/DODO2/.build/Build/Intermediates.noindex/DODO2.build/Debug/DODO2.build/Objects-normal/arm64/DODO2.swiftmodule -validate-clang-modules-once -clang-build-session-file /Users/hayashitakumi/Projects/DODO2/.build/ModuleCache.noindex/Session.modulevalidation -Xcc -I/Users/hayashitakumi/Projects/DODO2/.build/Build/Intermediates.noindex/DODO2.build/Debug/DODO2.build/swift-overrides.hmap -emit-const-values -Xfrontend -const-gather-protocols-file -Xfrontend /Users/hayashitakumi/Projects/DODO2/.build/Build/Intermediates.noindex/DODO2.build/Debug/DODO2.build/Objects-normal/arm64/DODO2_const_extract_protocols.json -Xcc -iquote -Xcc /Users/hayashitakumi/Projects/DODO2/.build/Build/Intermediates.noindex/DODO2.build/Debug/DODO2.build/DODO2-generated-files.hmap -Xcc -I/Users/hayashitakumi/Projects/DODO2/.build/Build/Intermediates.noindex/DODO2.build/Debug/DODO2.build/DODO2-own-target-headers.hmap -Xcc -I/Users/hayashitakumi/Projects/DODO2/.build/Build/Intermediates.noindex/DODO2.build/Debug/DODO2.build/DODO2-all-target-headers.hmap -Xcc -iquote -Xcc /Users/hayashitakumi/Projects/DODO2/.build/Build/Intermediates.noindex/DODO2.build/Debug/DODO2.build/DODO2-project-headers.hmap -Xcc -I/Users/hayashitakumi/Projects/DODO2/.build/Build/Products/Debug/include -Xcc -I/Users/hayashitakumi/Projects/DODO2/.build/Build/Intermediates.noindex/DODO2.build/Debug/DODO2.build/DerivedSources-normal/arm64 -Xcc -I/Users/hayashitakumi/Projects/DODO2/.build/Build/Intermediates.noindex/DODO2.build/Debug/DODO2.build/DerivedSources/arm64 -Xcc -I/Users/hayashitakumi/Projects/DODO2/.build/Build/Intermediates.noindex/DODO2.build/Debug/DODO2.build/DerivedSources -Xcc -DDEBUG\=1 -emit-objc-header -emit-objc-header-path /Users/hayashitakumi/Projects/DODO2/.build/Build/Intermediates.noindex/DODO2.build/Debug/DODO2.build/Objects-normal/arm64/DODO2-Swift.h -working-directory /Users/hayashitakumi/Projects/DODO2 -experimental-emit-module-separately -disable-cmo

Ld /Users/hayashitakumi/Projects/DODO2/.build/Build/Products/Debug/DODO2.app/Contents/MacOS/DODO2.debug.dylib normal (in target 'DODO2' from project 'DODO2')
    cd /Users/hayashitakumi/Projects/DODO2
    /Applications/Xcode.app/Contents/Developer/Toolchains/XcodeDefault.xctoolchain/usr/bin/clang -Xlinker -reproducible -target arm64-apple-macos14.0 -dynamiclib -isysroot /Applications/Xcode.app/Contents/Developer/Platforms/MacOSX.platform/Developer/SDKs/MacOSX15.5.sdk -O0 -L/Users/hayashitakumi/Projects/DODO2/.build/Build/Intermediates.noindex/EagerLinkingTBDs/Debug -L/Users/hayashitakumi/Projects/DODO2/.build/Build/Products/Debug -F/Users/hayashitakumi/Projects/DODO2/.build/Build/Intermediates.noindex/EagerLinkingTBDs/Debug -F/Users/hayashitakumi/Projects/DODO2/.build/Build/Products/Debug -filelist /Users/hayashitakumi/Projects/DODO2/.build/Build/Intermediates.noindex/DODO2.build/Debug/DODO2.build/Objects-normal/arm64/DODO2.LinkFileList -install_name @rpath/DODO2.debug.dylib -Xlinker -rpath -Xlinker @executable_path/../Frameworks -Xlinker -object_path_lto -Xlinker /Users/hayashitakumi/Projects/DODO2/.build/Build/Intermediates.noindex/DODO2.build/Debug/DODO2.build/Objects-normal/arm64/DODO2_lto.o -rdynamic -Xlinker -no_deduplicate -Xlinker -debug_variant -Xlinker -dependency_info -Xlinker /Users/hayashitakumi/Projects/DODO2/.build/Build/Intermediates.noindex/DODO2.build/Debug/DODO2.build/Objects-normal/arm64/DODO2_dependency_info.dat -fobjc-link-runtime -fprofile-instr-generate -L/Applications/Xcode.app/Contents/Developer/Toolchains/XcodeDefault.xctoolchain/usr/lib/swift/macosx -L/usr/lib/swift -Xlinker -add_ast_path -Xlinker /Users/hayashitakumi/Projects/DODO2/.build/Build/Intermediates.noindex/DODO2.build/Debug/DODO2.build/Objects-normal/arm64/DODO2.swiftmodule -Xlinker -alias -Xlinker _main -Xlinker ___debug_main_executable_dylib_entry_point -Xlinker -no_adhoc_codesign -o /Users/hayashitakumi/Projects/DODO2/.build/Build/Products/Debug/DODO2.app/Contents/MacOS/DODO2.debug.dylib

ConstructStubExecutorLinkFileList /Users/hayashitakumi/Projects/DODO2/.build/Build/Intermediates.noindex/DODO2.build/Debug/DODO2.build/DODO2-ExecutorLinkFileList-normal-arm64.txt (in target 'DODO2' from project 'DODO2')
    cd /Users/hayashitakumi/Projects/DODO2
    construct-stub-executor-link-file-list /Users/hayashitakumi/Projects/DODO2/.build/Build/Products/Debug/DODO2.app/Contents/MacOS/DODO2.debug.dylib /Applications/Xcode.app/Contents/Developer/Platforms/MacOSX.platform/Developer/usr/lib/libPreviewsJITStubExecutor_no_swift_entry_point.a /Applications/Xcode.app/Contents/Developer/Platforms/MacOSX.platform/Developer/usr/lib/libPreviewsJITStubExecutor.a --output /Users/hayashitakumi/Projects/DODO2/.build/Build/Intermediates.noindex/DODO2.build/Debug/DODO2.build/DODO2-ExecutorLinkFileList-normal-arm64.txt
note: Using stub executor library with Swift entry point. (in target 'DODO2' from project 'DODO2')

Ld /Users/hayashitakumi/Projects/DODO2/.build/Build/Products/Debug/DODO2.app/Contents/MacOS/DODO2 normal (in target 'DODO2' from project 'DODO2')
    cd /Users/hayashitakumi/Projects/DODO2
    /Applications/Xcode.app/Contents/Developer/Toolchains/XcodeDefault.xctoolchain/usr/bin/clang -Xlinker -reproducible -target arm64-apple-macos14.0 -isysroot /Applications/Xcode.app/Contents/Developer/Platforms/MacOSX.platform/Developer/SDKs/MacOSX15.5.sdk -O0 -L/Users/hayashitakumi/Projects/DODO2/.build/Build/Products/Debug -F/Users/hayashitakumi/Projects/DODO2/.build/Build/Products/Debug -Xlinker -rpath -Xlinker @executable_path -Xlinker -rpath -Xlinker @executable_path/../Frameworks -rdynamic -Xlinker -no_deduplicate -Xlinker -debug_variant -e ___debug_blank_executor_main -Xlinker -sectcreate -Xlinker __TEXT -Xlinker __debug_dylib -Xlinker /Users/hayashitakumi/Projects/DODO2/.build/Build/Intermediates.noindex/DODO2.build/Debug/DODO2.build/DODO2-DebugDylibPath-normal-arm64.txt -Xlinker -sectcreate -Xlinker __TEXT -Xlinker __debug_instlnm -Xlinker /Users/hayashitakumi/Projects/DODO2/.build/Build/Intermediates.noindex/DODO2.build/Debug/DODO2.build/DODO2-DebugDylibInstallName-normal-arm64.txt -Xlinker -filelist -Xlinker /Users/hayashitakumi/Projects/DODO2/.build/Build/Intermediates.noindex/DODO2.build/Debug/DODO2.build/DODO2-ExecutorLinkFileList-normal-arm64.txt /Users/hayashitakumi/Projects/DODO2/.build/Build/Products/Debug/DODO2.app/Contents/MacOS/DODO2.debug.dylib -Xlinker -no_adhoc_codesign -o /Users/hayashitakumi/Projects/DODO2/.build/Build/Products/Debug/DODO2.app/Contents/MacOS/DODO2

CopySwiftLibs /Users/hayashitakumi/Projects/DODO2/.build/Build/Products/Debug/DODO2.app (in target 'DODO2' from project 'DODO2')
    cd /Users/hayashitakumi/Projects/DODO2
    builtin-swiftStdLibTool --copy --verbose --sign - --scan-executable /Users/hayashitakumi/Projects/DODO2/.build/Build/Products/Debug/DODO2.app/Contents/MacOS/DODO2.debug.dylib --scan-folder /Users/hayashitakumi/Projects/DODO2/.build/Build/Products/Debug/DODO2.app/Contents/Frameworks --scan-folder /Users/hayashitakumi/Projects/DODO2/.build/Build/Products/Debug/DODO2.app/Contents/PlugIns --scan-folder /Users/hayashitakumi/Projects/DODO2/.build/Build/Products/Debug/DODO2.app/Contents/Library/SystemExtensions --scan-folder /Users/hayashitakumi/Projects/DODO2/.build/Build/Products/Debug/DODO2.app/Contents/Extensions --platform macosx --toolchain /Applications/Xcode.app/Contents/Developer/Toolchains/XcodeDefault.xctoolchain --destination /Users/hayashitakumi/Projects/DODO2/.build/Build/Products/Debug/DODO2.app/Contents/Frameworks --strip-bitcode --strip-bitcode-tool /Applications/Xcode.app/Contents/Developer/Toolchains/XcodeDefault.xctoolchain/usr/bin/bitcode_strip --emit-dependency-info /Users/hayashitakumi/Projects/DODO2/.build/Build/Intermediates.noindex/DODO2.build/Debug/DODO2.build/SwiftStdLibToolInputDependencies.dep --filter-for-swift-os

ExtractAppIntentsMetadata (in target 'DODO2' from project 'DODO2')
    cd /Users/hayashitakumi/Projects/DODO2
    /Applications/Xcode.app/Contents/Developer/Toolchains/XcodeDefault.xctoolchain/usr/bin/appintentsmetadataprocessor --toolchain-dir /Applications/Xcode.app/Contents/Developer/Toolchains/XcodeDefault.xctoolchain --module-name DODO2 --sdk-root /Applications/Xcode.app/Contents/Developer/Platforms/MacOSX.platform/Developer/SDKs/MacOSX15.5.sdk --xcode-version 16F6 --platform-family macOS --deployment-target 14.0 --output /Users/hayashitakumi/Projects/DODO2/.build/Build/Products/Debug/DODO2.app/Contents/Resources --target-triple arm64-apple-macos14.0 --binary-file /Users/hayashitakumi/Projects/DODO2/.build/Build/Products/Debug/DODO2.app/Contents/MacOS/DODO2 --dependency-file /Users/hayashitakumi/Projects/DODO2/.build/Build/Intermediates.noindex/DODO2.build/Debug/DODO2.build/Objects-normal/arm64/DODO2_dependency_info.dat --stringsdata-file /Users/hayashitakumi/Projects/DODO2/.build/Build/Intermediates.noindex/DODO2.build/Debug/DODO2.build/Objects-normal/arm64/ExtractedAppShortcutsMetadata.stringsdata --source-file-list /Users/hayashitakumi/Projects/DODO2/.build/Build/Intermediates.noindex/DODO2.build/Debug/DODO2.build/Objects-normal/arm64/DODO2.SwiftFileList --metadata-file-list /Users/hayashitakumi/Projects/DODO2/.build/Build/Intermediates.noindex/DODO2.build/Debug/DODO2.build/DODO2.DependencyMetadataFileList --static-metadata-file-list /Users/hayashitakumi/Projects/DODO2/.build/Build/Intermediates.noindex/DODO2.build/Debug/DODO2.build/DODO2.DependencyStaticMetadataFileList --swift-const-vals-list /Users/hayashitakumi/Projects/DODO2/.build/Build/Intermediates.noindex/DODO2.build/Debug/DODO2.build/Objects-normal/arm64/DODO2.SwiftConstValuesFileList --compile-time-extraction --deployment-aware-processing --validate-assistant-intents --no-app-shortcuts-localization
2025-09-04 14:24:25.702 appintentsmetadataprocessor[74343:4330917] Starting appintentsmetadataprocessor export
2025-09-04 14:24:25.705 appintentsmetadataprocessor[74343:4330917] warning: Metadata extraction skipped. No AppIntents.framework dependency found.

CodeSign /Users/hayashitakumi/Projects/DODO2/.build/Build/Products/Debug/DODO2.app/Contents/MacOS/DODO2.debug.dylib (in target 'DODO2' from project 'DODO2')
    cd /Users/hayashitakumi/Projects/DODO2
    
    Signing Identity:     "Sign to Run Locally"
    
    /usr/bin/codesign --force --sign - --timestamp\=none --generate-entitlement-der /Users/hayashitakumi/Projects/DODO2/.build/Build/Products/Debug/DODO2.app/Contents/MacOS/DODO2.debug.dylib

CodeSign /Users/hayashitakumi/Projects/DODO2/.build/Build/Products/Debug/DODO2.app/Contents/MacOS/__preview.dylib (in target 'DODO2' from project 'DODO2')
    cd /Users/hayashitakumi/Projects/DODO2
    
    Signing Identity:     "Sign to Run Locally"
    
    /usr/bin/codesign --force --sign - --timestamp\=none --generate-entitlement-der /Users/hayashitakumi/Projects/DODO2/.build/Build/Products/Debug/DODO2.app/Contents/MacOS/__preview.dylib

CodeSign /Users/hayashitakumi/Projects/DODO2/.build/Build/Products/Debug/DODO2.app (in target 'DODO2' from project 'DODO2')
    cd /Users/hayashitakumi/Projects/DODO2
    
    Signing Identity:     "Sign to Run Locally"
    
    /usr/bin/codesign --force --sign - --entitlements /Users/hayashitakumi/Projects/DODO2/.build/Build/Intermediates.noindex/DODO2.build/Debug/DODO2.build/DODO2.app.xcent --timestamp\=none --generate-entitlement-der /Users/hayashitakumi/Projects/DODO2/.build/Build/Products/Debug/DODO2.app

RegisterExecutionPolicyException /Users/hayashitakumi/Projects/DODO2/.build/Build/Products/Debug/DODO2.app (in target 'DODO2' from project 'DODO2')
    cd /Users/hayashitakumi/Projects/DODO2
    builtin-RegisterExecutionPolicyException /Users/hayashitakumi/Projects/DODO2/.build/Build/Products/Debug/DODO2.app

Validate /Users/hayashitakumi/Projects/DODO2/.build/Build/Products/Debug/DODO2.app (in target 'DODO2' from project 'DODO2')
    cd /Users/hayashitakumi/Projects/DODO2
    builtin-validationUtility /Users/hayashitakumi/Projects/DODO2/.build/Build/Products/Debug/DODO2.app -no-validate-extension -infoplist-subpath Contents/Info.plist

Touch /Users/hayashitakumi/Projects/DODO2/.build/Build/Products/Debug/DODO2.app (in target 'DODO2' from project 'DODO2')
    cd /Users/hayashitakumi/Projects/DODO2
    /usr/bin/touch -c /Users/hayashitakumi/Projects/DODO2/.build/Build/Products/Debug/DODO2.app

RegisterWithLaunchServices /Users/hayashitakumi/Projects/DODO2/.build/Build/Products/Debug/DODO2.app (in target 'DODO2' from project 'DODO2')
    cd /Users/hayashitakumi/Projects/DODO2
    /System/Library/Frameworks/CoreServices.framework/Versions/Current/Frameworks/LaunchServices.framework/Versions/Current/Support/lsregister -f -R -trusted /Users/hayashitakumi/Projects/DODO2/.build/Build/Products/Debug/DODO2.app

** BUILD SUCCEEDED **

